HALLOJust a test message
 traceId: c7b35f33-13b0-4989-bb84-fe326274ca82 ::1 - - [11/Dec/2019:07:42:56 +0000] "POST /jendek/integration/apull HTTP/1.1" 404 2983 "-" "PostmanRuntime/7.20.1"
 traceId: c7b35f33-13b0-4989-bb84-fe326274ca82 ::1 - - [11/Dec/2019:07:43:12 +0000] "POST /jendek/integration/apull HTTP/1.1" 404 2983 "-" "PostmanRuntime/7.20.1"
 traceId: c7b35f33-13b0-4989-bb84-fe326274ca82 ::1 - - [11/Dec/2019:07:43:14 +0000] "POST /jendek/integration/apull HTTP/1.1" 404 2983 "-" "PostmanRuntime/7.20.1"
 traceId: c7b35f33-13b0-4989-bb84-fe326274ca82 ::1 - - [11/Dec/2019:07:43:17 +0000] "POST /jendek/integration/apull HTTP/1.1" 404 2983 "-" "PostmanRuntime/7.20.1"
 traceId: c7b35f33-13b0-4989-bb84-fe326274ca82 ::1 - - [11/Dec/2019:07:43:30 +0000] "POST /jendek/integration/apull HTTP/1.1" 404 2983 "-" "PostmanRuntime/7.20.1"
 traceId: c7b35f33-13b0-4989-bb84-fe326274ca82 ::1 - - [11/Dec/2019:07:43:33 +0000] "POST /jendek/integration/apull HTTP/1.1" 404 2983 "-" "PostmanRuntime/7.20.1"
 traceId: c7b35f33-13b0-4989-bb84-fe326274ca82 ::1 - - [11/Dec/2019:07:43:44 +0000] "POST /jendek/integration/awpull HTTP/1.1" 404 2983 "-" "PostmanRuntime/7.20.1"
 traceId: c7b35f33-13b0-4989-bb84-fe326274ca82 ::1 - - [11/Dec/2019:07:44:03 +0000] "POST /jendek/integration/awpull HTTP/1.1" 404 2983 "-" "PostmanRuntime/7.20.1"
 traceId: c7b35f33-13b0-4989-bb84-fe326274ca82 ::1 - - [11/Dec/2019:07:44:04 +0000] "POST /jendek/integration/awpull HTTP/1.1" 404 2983 "-" "PostmanRuntime/7.20.1"
HALLOJust a test message
 traceId: c7b35f33-13b0-4989-bb84-fe326274ca82 ::1 - - [11/Dec/2019:07:45:57 +0000] "POST /jendek/integration/awpull HTTP/1.1" 404 2983 "-" "PostmanRuntime/7.20.1"
 traceId: 84257230-a42b-4016-8be0-a3c5593e0395 "https://bcafinancehelp1569566623.zendesk.com/zendesk/channels/integration_service_instances/editor_finalizer"
 traceId: 84257230-a42b-4016-8be0-a3c5593e0395 ::1 - - [11/Dec/2019:07:48:11 +0000] "GET /jendek/integration/admin HTTP/1.1" 200 1565 "-" "PostmanRuntime/7.20.1"
 traceId: c05f4663-cc34-4100-8da2-5ee1cb6b1649 "https://bcafinancehelp1569566623.zendesk.com/zendesk/channels/integration_service_instances/editor_finalizer"
 traceId: c05f4663-cc34-4100-8da2-5ee1cb6b1649 ::1 - - [11/Dec/2019:07:48:16 +0000] "GET /jendek/integration/admin HTTP/1.1" 200 1565 "-" "PostmanRuntime/7.20.1"
 traceId: 08b1e794-6984-4911-afdf-90ec11911f82 "https://bcafinancehelp1569566623.zendesk.com/zendesk/channels/integration_service_instances/editor_finalizer"
 traceId: 08b1e794-6984-4911-afdf-90ec11911f82 ::1 - - [11/Dec/2019:07:48:21 +0000] "GET /jendek/integration/admin HTTP/1.1" 200 1565 "-" "PostmanRuntime/7.20.1"
 traceId: a4ca703b-2019-49ad-a54c-bf367f63bc1e "https://bcafinancehelp1569566623.zendesk.com/zendesk/channels/integration_service_instances/editor_finalizer"
 traceId: a4ca703b-2019-49ad-a54c-bf367f63bc1e ::1 - - [11/Dec/2019:07:48:27 +0000] "GET /jendek/integration/admin HTTP/1.1" 200 1565 "-" "PostmanRuntime/7.20.1"
 traceId: 60ff3769-c6a4-421a-8676-b7c00599945f ::1 - - [11/Dec/2019:07:48:29 +0000] "GET /jendek/integration/ssadmin HTTP/1.1" 404 2983 "-" "PostmanRuntime/7.20.1"
 traceId: 8f000a1b-d1e8-4965-910c-010c53d7750b ::1 - - [11/Dec/2019:07:48:32 +0000] "GET /jendek/integration/ssadmin HTTP/1.1" 404 2983 "-" "PostmanRuntime/7.20.1"
 traceId: e3a2e8eb-3f60-462d-86d1-dff2efac4906 ::1 - - [11/Dec/2019:07:48:34 +0000] "GET /jendek/integration/ssadmin HTTP/1.1" 404 2983 "-" "PostmanRuntime/7.20.1"
 traceId: 70b348a7-dbbd-4cfe-9888-eb7d36bc719d "https://bcafinancehelp1569566623.zendesk.com/zendesk/channels/integration_service_instances/editor_finalizer"
 traceId: 70b348a7-dbbd-4cfe-9888-eb7d36bc719d ::1 - - [11/Dec/2019:07:48:38 +0000] "GET /jendek/integration/admin HTTP/1.1" 200 1565 "-" "PostmanRuntime/7.20.1"
 traceId: c7b35f33-13b0-4989-bb84-fe326274ca82 ::1 - - [11/Dec/2019:07:48:47 +0000] "POST /jendek/integration/awpull HTTP/1.1" 404 2983 "-" "PostmanRuntime/7.20.1"
 traceId: c7b35f33-13b0-4989-bb84-fe326274ca82 ::1 - - [11/Dec/2019:07:48:50 +0000] "POST /jendek/integration/awpull HTTP/1.1" 404 2983 "-" "PostmanRuntime/7.20.1"
 traceId: c7b35f33-13b0-4989-bb84-fe326274ca82 ::1 - - [11/Dec/2019:07:48:55 +0000] "POST /jendek/integration/sadawpull HTTP/1.1" 404 2983 "-" "PostmanRuntime/7.20.1"
 traceId: c7b35f33-13b0-4989-bb84-fe326274ca82 ::1 - - [11/Dec/2019:07:48:59 +0000] "POST /jendek/integration/sadawpull HTTP/1.1" 404 2983 "-" "PostmanRuntime/7.20.1"
HALLOJust a test message
HALLOJust a test message
HALLOJust a test message
